{
  "RSpec": {
    "coverage": {
      "/Users/gabriel.queiroz/Github/piggyb/spec/rails_helper.rb": [
        null,
        1,
        1,
        1,
        null,
        1,
        1,
        null,
        null,
        null,
        null,
        null,
        null,
        null,
        null,
        null,
        null,
        null,
        null,
        null,
        null,
        null,
        null,
        null,
        null,
        null,
        1,
        null,
        1,
        null,
        1,
        null,
        null,
        null,
        null,
        1,
        null,
        null,
        null,
        null,
        null,
        null,
        null,
        null,
        null,
        null,
        null,
        null,
        null,
        null,
        1,
        null,
        null,
        1,
        null,
        null,
        null
      ],
      "/Users/gabriel.queiroz/Github/piggyb/config/environment.rb": [
        null,
        1,
        null,
        null,
        1
      ],
      "/Users/gabriel.queiroz/Github/piggyb/config/application.rb": [
        1,
        null,
        1,
        null,
        1,
        1,
        1,
        1,
        1,
        1,
        1,
        1,
        1,
        null,
        null,
        null,
        null,
        1,
        null,
        1,
        1,
        null,
        1,
        null,
        null,
        null,
        null,
        null,
        null,
        null,
        1,
        null,
        null
      ],
      "/Users/gabriel.queiroz/Github/piggyb/config/boot.rb": [
        1,
        null,
        1,
        1
      ],
      "/Users/gabriel.queiroz/Github/piggyb/config/environments/test.rb": [
        1,
        null,
        null,
        null,
        null,
        null,
        null,
        1,
        null,
        null,
        null,
        null,
        1,
        null,
        null,
        1,
        1,
        null,
        null,
        null,
        null,
        1,
        1,
        null,
        null,
        1,
        null,
        null,
        1,
        null,
        null,
        1,
        null,
        1,
        null,
        null,
        null,
        null,
        1,
        null,
        null,
        1,
        null,
        null,
        null,
        null
      ],
      "/Users/gabriel.queiroz/Github/piggyb/config/initializers/application_controller_renderer.rb": [
        null,
        null,
        null,
        null,
        null,
        null,
        null,
        null
      ],
      "/Users/gabriel.queiroz/Github/piggyb/config/initializers/assets.rb": [
        null,
        null,
        null,
        1,
        null,
        null,
        null,
        null,
        1,
        null,
        null,
        null,
        null,
        null
      ],
      "/Users/gabriel.queiroz/Github/piggyb/config/initializers/backtrace_silencers.rb": [
        null,
        null,
        null,
        null,
        null,
        null,
        null
      ],
      "/Users/gabriel.queiroz/Github/piggyb/config/initializers/content_security_policy.rb": [
        null,
        null,
        null,
        null,
        null,
        null,
        null,
        null,
        null,
        null,
        null,
        null,
        null,
        null,
        null,
        null,
        null,
        null,
        null,
        null,
        null,
        null,
        null,
        null,
        null
      ],
      "/Users/gabriel.queiroz/Github/piggyb/config/initializers/cookies_serializer.rb": [
        null,
        null,
        null,
        null,
        1
      ],
      "/Users/gabriel.queiroz/Github/piggyb/config/initializers/filter_parameter_logging.rb": [
        null,
        null,
        null,
        1
      ],
      "/Users/gabriel.queiroz/Github/piggyb/config/initializers/inflections.rb": [
        null,
        null,
        null,
        null,
        null,
        null,
        null,
        null,
        null,
        null,
        null,
        null,
        null,
        null,
        null,
        null
      ],
      "/Users/gabriel.queiroz/Github/piggyb/config/initializers/mime_types.rb": [
        null,
        null,
        null,
        null
      ],
      "/Users/gabriel.queiroz/Github/piggyb/config/initializers/wrap_parameters.rb": [
        null,
        null,
        null,
        null,
        null,
        null,
        1,
        2,
        null,
        null,
        null,
        null,
        null,
        null
      ],
      "/Users/gabriel.queiroz/Github/piggyb/spec/factories/movement.rb": [
        1,
        1,
        1,
        1,
        1,
        1,
        null,
        1,
        null,
        null
      ],
      "/Users/gabriel.queiroz/Github/piggyb/app/models/movement.rb": [
        1,
        1,
        1,
        null,
        1,
        1,
        11,
        11,
        11,
        11,
        null,
        null,
        null
      ],
      "/Users/gabriel.queiroz/Github/piggyb/app/models/application_record.rb": [
        1,
        1,
        null
      ],
      "/Users/gabriel.queiroz/Github/piggyb/spec/factories/piggy_bank.rb": [
        1,
        1,
        1,
        1,
        1,
        1,
        1,
        1,
        1,
        null,
        1,
        null,
        null
      ],
      "/Users/gabriel.queiroz/Github/piggyb/app/models/piggy_bank.rb": [
        1,
        1,
        null
      ],
      "/Users/gabriel.queiroz/Github/piggyb/spec/factories/user.rb": [
        1,
        1,
        1,
        1,
        1,
        1,
        1,
        null,
        null
      ],
      "/Users/gabriel.queiroz/Github/piggyb/app/models/user.rb": [
        1,
        1,
        null,
        1,
        1,
        null
      ],
      "/Users/gabriel.queiroz/Github/piggyb/config/routes.rb": [
        1,
        null,
        1,
        null,
        1,
        1,
        1,
        null,
        null,
        1,
        1,
        1,
        null
      ],
      "/Users/gabriel.queiroz/Github/piggyb/app/helpers/application_helper.rb": [
        1,
        null
      ],
      "/Users/gabriel.queiroz/Github/piggyb/app/helpers/logins_helper.rb": [
        1,
        null
      ],
      "/Users/gabriel.queiroz/Github/piggyb/app/helpers/movements_helper.rb": [
        1,
        null
      ],
      "/Users/gabriel.queiroz/Github/piggyb/app/helpers/piggy_banks_helper.rb": [
        1,
        null
      ],
      "/Users/gabriel.queiroz/Github/piggyb/app/helpers/users_helper.rb": [
        1,
        null
      ],
      "/Users/gabriel.queiroz/Github/piggyb/spec/controllers/logins_controller_spec.rb": [
        1,
        null,
        1,
        null,
        null
      ],
      "/Users/gabriel.queiroz/Github/piggyb/app/controllers/logins_controller.rb": [
        1,
        null,
        1,
        null,
        null,
        1,
        0,
        0,
        0,
        0,
        null,
        0,
        0,
        null,
        null,
        null,
        1,
        0,
        0,
        null,
        null
      ],
      "/Users/gabriel.queiroz/Github/piggyb/app/controllers/application_controller.rb": [
        1,
        45,
        null,
        1,
        2,
        null,
        null,
        1,
        2,
        null,
        null,
        1,
        6,
        6,
        12,
        null,
        null,
        null,
        1,
        21,
        null,
        11,
        null,
        10,
        null,
        null,
        null,
        1,
        1,
        11,
        11,
        9,
        null,
        null,
        null
      ],
      "/Users/gabriel.queiroz/Github/piggyb/spec/controllers/movements_controller_spec.rb": [
        1,
        null,
        1,
        null,
        1,
        7,
        6,
        null,
        1,
        12,
        null,
        1,
        11,
        11,
        11,
        null,
        11,
        11,
        null,
        null,
        1,
        6,
        6,
        null,
        2,
        2,
        2,
        2,
        2,
        null,
        null,
        1,
        7,
        7,
        6,
        null,
        2,
        2,
        2,
        2,
        2,
        2,
        null,
        null,
        null,
        null,
        null
      ],
      "/Users/gabriel.queiroz/Github/piggyb/app/controllers/movements_controller.rb": [
        1,
        null,
        1,
        null,
        1,
        0,
        null,
        0,
        0,
        0,
        null,
        0,
        null,
        null,
        1,
        11,
        11,
        null,
        11,
        11,
        17,
        null,
        null,
        null,
        1,
        1,
        11,
        11,
        null,
        null
      ],
      "/Users/gabriel.queiroz/Github/piggyb/spec/controllers/piggy_banks_controller_spec.rb": [
        1,
        null,
        1,
        null,
        1,
        12,
        11,
        null,
        1,
        1,
        15,
        15,
        15,
        15,
        null,
        null,
        1,
        9,
        9,
        null,
        2,
        2,
        2,
        2,
        2,
        2,
        2,
        2,
        null,
        null,
        1,
        8,
        8,
        7,
        null,
        2,
        2,
        2,
        2,
        2,
        2,
        2,
        null,
        null,
        null,
        null,
        1,
        1,
        4,
        4,
        4,
        null,
        null,
        1,
        3,
        3,
        null,
        2,
        2,
        null,
        null,
        1,
        3,
        3,
        2,
        null,
        2,
        2,
        null,
        null,
        null,
        1,
        1,
        2,
        2,
        null,
        null,
        1,
        3,
        3,
        2,
        null,
        2,
        2,
        null,
        null,
        null,
        null,
        null,
        null,
        null
      ],
      "/Users/gabriel.queiroz/Github/piggyb/app/controllers/piggy_banks_controller.rb": [
        1,
        null,
        1,
        21,
        null,
        19,
        19,
        28,
        null,
        null,
        null,
        1,
        0,
        null,
        0,
        0,
        0,
        0,
        null,
        0,
        0,
        0,
        null,
        null,
        null,
        1,
        0,
        0,
        null,
        0,
        null,
        null
      ],
      "/Users/gabriel.queiroz/Github/piggyb/spec/controllers/users_controller_spec.rb": [
        1,
        null,
        1,
        null,
        8,
        null,
        1,
        1,
        12,
        12,
        null,
        null,
        1,
        1,
        4,
        null,
        null,
        null,
        null,
        null,
        null,
        null,
        null,
        2,
        2,
        2,
        2,
        null,
        null,
        1,
        3,
        null,
        2,
        2,
        null,
        null,
        1,
        1,
        2,
        null,
        null,
        null,
        null,
        null,
        null,
        null,
        null,
        2,
        2,
        null,
        null,
        1,
        1,
        2,
        null,
        null,
        null,
        null,
        null,
        null,
        null,
        null,
        2,
        2,
        null,
        null,
        1,
        1,
        2,
        null,
        null,
        null,
        null,
        null,
        null,
        null,
        null,
        2,
        2,
        null,
        null,
        null,
        null,
        null
      ],
      "/Users/gabriel.queiroz/Github/piggyb/app/controllers/users_controller.rb": [
        1,
        null,
        1,
        12,
        null,
        10,
        10,
        null,
        4,
        4,
        0,
        0,
        null,
        8,
        null,
        null,
        null,
        null
      ],
      "/Users/gabriel.queiroz/Github/piggyb/spec/helpers/logins_helper_spec.rb": [
        1,
        null,
        1,
        null
      ],
      "/Users/gabriel.queiroz/Github/piggyb/spec/helpers/movements_helper_spec.rb": [
        1,
        null,
        1,
        null
      ],
      "/Users/gabriel.queiroz/Github/piggyb/spec/helpers/piggy_banks_helper_spec.rb": [
        1,
        null,
        1,
        null
      ],
      "/Users/gabriel.queiroz/Github/piggyb/spec/helpers/users_helper_spec.rb": [
        1,
        null,
        1,
        null
      ],
      "/Users/gabriel.queiroz/Github/piggyb/spec/models/movement_spec.rb": [
        1,
        null,
        1,
        null
      ],
      "/Users/gabriel.queiroz/Github/piggyb/spec/models/piggy_bank_spec.rb": [
        1,
        null,
        1,
        null
      ],
      "/Users/gabriel.queiroz/Github/piggyb/spec/models/user_spec.rb": [
        1,
        null,
        1,
        null
      ]
    },
    "timestamp": 1525146646
  }
}
